<?xml version="1.0" encoding="UTF-8"?>
<!-- Generated by org.testng.reporters.JUnitXMLReporter -->
<testsuite ignored="0" hostname="86c6fb830e74586" failures="0" tests="2" name="Test" time="18.579" errors="0" timestamp="2023-12-17T19:02:54 IST">
  <testcase classname="Comprehensive.Assignment.AutomationAnywhereTest" name="testProcessDiscoveryNavigation" time="5.941"/>
  <testcase classname="Comprehensive.Assignment.AutomationAnywhereRequestTest" name="testRequestDemoNavigation" time="4.26"/>
</testsuite> <!-- Test -->
