<?xml version="1.0" encoding="UTF-8"?>
<testng-results ignored="0" total="2" passed="2" failed="0" skipped="0">
  <reporter-output>
  </reporter-output>
  <suite started-at="2023-12-17T19:02:35 IST" name="Suite" finished-at="2023-12-17T19:02:53 IST" duration-ms="18579">
    <groups>
    </groups>
    <test started-at="2023-12-17T19:02:35 IST" name="Test" finished-at="2023-12-17T19:02:53 IST" duration-ms="18579">
      <class name="Comprehensive.Assignment.AutomationAnywhereTest">
        <test-method is-config="true" signature="setUp()[pri:0, instance:Comprehensive.Assignment.AutomationAnywhereTest@58d75e99]" started-at="2023-12-17T19:02:40 IST" name="setUp" finished-at="2023-12-17T19:02:43 IST" duration-ms="3535" status="PASS">
          <reporter-output>
          </reporter-output>
        </test-method> <!-- setUp -->
        <test-method signature="testProcessDiscoveryNavigation()[pri:0, instance:Comprehensive.Assignment.AutomationAnywhereTest@58d75e99]" started-at="2023-12-17T19:02:43 IST" name="testProcessDiscoveryNavigation" finished-at="2023-12-17T19:02:49 IST" duration-ms="5941" status="PASS">
          <reporter-output>
          </reporter-output>
        </test-method> <!-- testProcessDiscoveryNavigation -->
      </class> <!-- Comprehensive.Assignment.AutomationAnywhereTest -->
      <class name="Comprehensive.Assignment.AutomationAnywhereRequestTest">
        <test-method is-config="true" signature="setUp()[pri:0, instance:Comprehensive.Assignment.AutomationAnywhereRequestTest@e15b7e8]" started-at="2023-12-17T19:02:35 IST" name="setUp" finished-at="2023-12-17T19:02:40 IST" duration-ms="4629" status="PASS">
          <reporter-output>
          </reporter-output>
        </test-method> <!-- setUp -->
        <test-method signature="testRequestDemoNavigation()[pri:0, instance:Comprehensive.Assignment.AutomationAnywhereRequestTest@e15b7e8]" started-at="2023-12-17T19:02:49 IST" name="testRequestDemoNavigation" finished-at="2023-12-17T19:02:53 IST" duration-ms="4260" status="PASS">
          <reporter-output>
          </reporter-output>
        </test-method> <!-- testRequestDemoNavigation -->
        <test-method is-config="true" signature="tearDown()[pri:0, instance:Comprehensive.Assignment.AutomationAnywhereRequestTest@e15b7e8]" started-at="2023-12-17T19:02:53 IST" name="tearDown" finished-at="2023-12-17T19:02:53 IST" duration-ms="177" status="PASS">
          <reporter-output>
          </reporter-output>
        </test-method> <!-- tearDown -->
      </class> <!-- Comprehensive.Assignment.AutomationAnywhereRequestTest -->
    </test> <!-- Test -->
  </suite> <!-- Suite -->
</testng-results>
