<?xml version="1.0" encoding="UTF-8"?>
<testng-results ignored="0" total="2" passed="2" failed="0" skipped="0">
  <reporter-output>
  </reporter-output>
  <suite started-at="2023-12-19T07:36:18 IST" name="Suite" finished-at="2023-12-19T07:36:36 IST" duration-ms="18365">
    <groups>
    </groups>
    <test started-at="2023-12-19T07:36:18 IST" name="Test" finished-at="2023-12-19T07:36:36 IST" duration-ms="18365">
      <class name="Comprehensive.Assignment.AutomationAnywhereTest">
        <test-method is-config="true" signature="setUp()[pri:0, instance:Comprehensive.Assignment.AutomationAnywhereTest@729d991e]" started-at="2023-12-19T07:36:22 IST" name="setUp" finished-at="2023-12-19T07:36:25 IST" duration-ms="3102" status="PASS">
          <reporter-output>
          </reporter-output>
        </test-method> <!-- setUp -->
        <test-method signature="testProcessDiscoveryNavigation()[pri:0, instance:Comprehensive.Assignment.AutomationAnywhereTest@729d991e]" started-at="2023-12-19T07:36:25 IST" name="testProcessDiscoveryNavigation" finished-at="2023-12-19T07:36:31 IST" duration-ms="5936" status="PASS">
          <reporter-output>
          </reporter-output>
        </test-method> <!-- testProcessDiscoveryNavigation -->
        <test-method is-config="true" signature="tearDown()[pri:0, instance:Comprehensive.Assignment.AutomationAnywhereTest@729d991e]" started-at="2023-12-19T07:36:36 IST" name="tearDown" finished-at="2023-12-19T07:36:36 IST" duration-ms="185" status="PASS">
          <reporter-output>
          </reporter-output>
        </test-method> <!-- tearDown -->
      </class> <!-- Comprehensive.Assignment.AutomationAnywhereTest -->
      <class name="Comprehensive.Assignment.AutomationAnywhereRequestTest">
        <test-method is-config="true" signature="setUp()[pri:0, instance:Comprehensive.Assignment.AutomationAnywhereRequestTest@36916eb0]" started-at="2023-12-19T07:36:18 IST" name="setUp" finished-at="2023-12-19T07:36:22 IST" duration-ms="4187" status="PASS">
          <reporter-output>
          </reporter-output>
        </test-method> <!-- setUp -->
        <test-method signature="testRequestDemoNavigation()[pri:0, instance:Comprehensive.Assignment.AutomationAnywhereRequestTest@36916eb0]" started-at="2023-12-19T07:36:31 IST" name="testRequestDemoNavigation" finished-at="2023-12-19T07:36:36 IST" duration-ms="4767" status="PASS">
          <reporter-output>
          </reporter-output>
        </test-method> <!-- testRequestDemoNavigation -->
        <test-method is-config="true" signature="tearDown()[pri:0, instance:Comprehensive.Assignment.AutomationAnywhereRequestTest@36916eb0]" started-at="2023-12-19T07:36:36 IST" name="tearDown" finished-at="2023-12-19T07:36:36 IST" duration-ms="154" status="PASS">
          <reporter-output>
          </reporter-output>
        </test-method> <!-- tearDown -->
      </class> <!-- Comprehensive.Assignment.AutomationAnywhereRequestTest -->
    </test> <!-- Test -->
  </suite> <!-- Suite -->
</testng-results>
