<?xml version="1.0" encoding="UTF-8"?>
<!-- Generated by org.testng.reporters.JUnitXMLReporter -->
<testsuite ignored="0" hostname="86c6fb830e74586" failures="0" tests="2" name="Test" time="18.365" errors="0" timestamp="2023-12-19T07:36:36 IST">
  <testcase classname="Comprehensive.Assignment.AutomationAnywhereTest" name="testProcessDiscoveryNavigation" time="5.936"/>
  <testcase classname="Comprehensive.Assignment.AutomationAnywhereRequestTest" name="testRequestDemoNavigation" time="4.767"/>
</testsuite> <!-- Test -->
